<?xml version="1.0" encoding="utf-8"?><testsuites name="pytest tests"><testsuite name="pytest" errors="0" failures="0" skipped="0" tests="44" time="2.367" timestamp="2026-03-09T16:41:07.489369+00:00" hostname="agent-env-10199794-2dca-456d-8ee2-2f1ef5f8736f"><testcase classname="tests.test_backend.TestAPIEndpoints" name="test_health_returns_200" time="0.004" /><testcase classname="tests.test_backend.TestAPIEndpoints" name="test_health_response_structure" time="0.002" /><testcase classname="tests.test_backend.TestAPIEndpoints" name="test_health_active_tasks_is_zero" time="0.002" /><testcase classname="tests.test_backend.TestAPIEndpoints" name="test_stats_returns_200" time="0.002" /><testcase classname="tests.test_backend.TestAPIEndpoints" name="test_stats_response_structure" time="0.002" /><testcase classname="tests.test_backend.TestConfig" name="test_api_id_loaded" time="0.003" /><testcase classname="tests.test_backend.TestConfig" name="test_owner_id_loaded" time="0.000" /><testcase classname="tests.test_backend.TestConfig" name="test_bot_token_loaded" time="0.000" /><testcase classname="tests.test_backend.TestConfig" name="test_mongo_url_loaded" time="0.000" /><testcase classname="tests.test_backend.TestConfig" name="test_db_name_loaded" time="0.000" /><testcase classname="tests.test_backend.TestConfig" name="test_tier_limits_structure" time="0.000" /><testcase classname="tests.test_backend.TestConfig" name="test_admin_ids_includes_owner" time="0.000" /><testcase classname="tests.test_backend.TestFFmpegHelpers" name="test_make_progress_bar_0_percent" time="0.269" /><testcase classname="tests.test_backend.TestFFmpegHelpers" name="test_make_progress_bar_100_percent" time="0.000" /><testcase classname="tests.test_backend.TestFFmpegHelpers" name="test_make_progress_bar_50_percent" time="0.000" /><testcase classname="tests.test_backend.TestFFmpegHelpers" name="test_format_duration_zero" time="0.000" /><testcase classname="tests.test_backend.TestFFmpegHelpers" name="test_format_duration_one_hour" time="0.000" /><testcase classname="tests.test_backend.TestFFmpegHelpers" name="test_format_duration_90_minutes" time="0.000" /><testcase classname="tests.test_backend.TestFFmpegHelpers" name="test_format_duration_mixed" time="0.000" /><testcase classname="tests.test_backend.TestFFmpegHelpers" name="test_parse_time_to_secs_basic" time="0.000" /><testcase classname="tests.test_backend.TestFFmpegHelpers" name="test_parse_time_to_secs_with_millis" time="0.000" /><testcase classname="tests.test_backend.TestFFmpegHelpers" name="test_parse_time_to_secs_invalid" time="0.000" /><testcase classname="tests.test_backend.TestFFmpegHelpers" name="test_parse_time_to_secs_one_hour" time="0.000" /><testcase classname="tests.test_backend.TestBuildTrackKeyboard" name="test_returns_inline_keyboard_markup" time="0.000" /><testcase classname="tests.test_backend.TestBuildTrackKeyboard" name="test_keyboard_has_action_buttons" time="0.000" /><testcase classname="tests.test_backend.TestBuildTrackKeyboard" name="test_keyboard_video_callback_data_format" time="0.000" /><testcase classname="tests.test_backend.TestBuildTrackKeyboard" name="test_keyboard_selected_video_has_checkmark" time="0.000" /><testcase classname="tests.test_backend.TestBuildTrackKeyboard" name="test_keyboard_empty_tracks" time="0.000" /><testcase classname="tests.test_backend.TestDatabase" name="test_connect_and_get_or_create_user" time="0.091" /><testcase classname="tests.test_backend.TestDatabase" name="test_get_or_create_user_idempotent" time="0.006" /><testcase classname="tests.test_backend.TestDatabase" name="test_set_and_get_user_tier" time="0.005" /><testcase classname="tests.test_backend.TestDatabase" name="test_get_user_tier_default_for_nonexistent" time="0.004" /><testcase classname="tests.test_backend.TestDatabase" name="test_count_all_users" time="0.004" /><testcase classname="tests.test_backend.TestDatabase" name="test_count_all_active_tasks" time="0.004" /><testcase classname="tests.test_backend.TestWorker" name="test_task_queue_is_asyncio_queue" time="0.001" /><testcase classname="tests.test_backend.TestWorker" name="test_enqueue_task_adds_to_queue" time="0.000" /><testcase classname="tests.test_backend.TestWorker" name="test_active_cancel_events_is_dict" time="0.000" /><testcase classname="tests.test_backend.TestWorker" name="test_cancel_task_returns_false_for_unknown" time="0.000" /><testcase classname="tests.test_backend.TestSyntaxAndImports" name="test_server_py_imports" time="0.001" /><testcase classname="tests.test_backend.TestSyntaxAndImports" name="test_config_py_imports" time="0.000" /><testcase classname="tests.test_backend.TestSyntaxAndImports" name="test_database_py_imports" time="0.000" /><testcase classname="tests.test_backend.TestSyntaxAndImports" name="test_ffmpeg_utils_py_imports" time="0.000" /><testcase classname="tests.test_backend.TestSyntaxAndImports" name="test_worker_py_imports" time="0.000" /><testcase classname="tests.test_backend.TestFFprobe" name="test_run_ffprobe_public_hls" time="1.888" /></testsuite></testsuites>